<?xml version="1.0" encoding="UTF-8"?>
<robot generator="Robot 7.2 (Python 3.11.1 on win32)" generated="2025-01-27T19:52:07.536317" rpa="false" schemaversion="5">
<suite id="s1" name="Jamtangan" source="C:\Users\Fadhil\Robot Framework\jamtanganR\jamtangan.robot">
<test id="s1-t1" name="Login with credentials" line="8">
<kw name="Given I open jamtangan.com">
<msg time="2025-01-27T19:52:07.788085" level="FAIL">No keyword with name 'Given I open jamtangan.com' found.</msg>
<status status="FAIL" start="2025-01-27T19:52:07.788085" elapsed="0.000000">No keyword with name 'Given I open jamtangan.com' found.</status>
</kw>
<kw name="Then I click menu masuk">
<status status="NOT RUN" start="2025-01-27T19:52:07.788085" elapsed="0.000000"/>
</kw>
<kw name="Then I input &quot;&lt;email&gt;&quot;">
<status status="NOT RUN" start="2025-01-27T19:52:07.789069" elapsed="0.000000"/>
</kw>
<kw name="Then I enter &quot;&lt;password&gt;&quot;">
<status status="NOT RUN" start="2025-01-27T19:52:07.789069" elapsed="0.000000"/>
</kw>
<kw name="Then I click button masuk">
<status status="NOT RUN" start="2025-01-27T19:52:07.789069" elapsed="0.000000"/>
</kw>
<status status="FAIL" start="2025-01-27T19:52:07.784411" elapsed="0.005765">No keyword with name 'Given I open jamtangan.com' found.</status>
</test>
<test id="s1-t2" name="[Template]" line="17">
<kw name="Login Scenario">
<msg time="2025-01-27T19:52:07.793172" level="FAIL">No keyword with name 'Login Scenario' found. Did you try using keyword 'BuiltIn.Log' and forgot to use enough whitespace between keyword and arguments?</msg>
<status status="FAIL" start="2025-01-27T19:52:07.793172" elapsed="0.000000">No keyword with name 'Login Scenario' found. Did you try using keyword 'BuiltIn.Log' and forgot to use enough whitespace between keyword and arguments?</status>
</kw>
<kw name="sugeng252@gmail.com">
<arg>password1</arg>
<status status="NOT RUN" start="2025-01-27T19:52:07.794170" elapsed="0.000000"/>
</kw>
<kw name="fagung@gmail.com">
<arg>lalala123!</arg>
<status status="NOT RUN" start="2025-01-27T19:52:07.794170" elapsed="0.000000"/>
</kw>
<status status="FAIL" start="2025-01-27T19:52:07.791178" elapsed="0.002992">No keyword with name 'Login Scenario' found. Did you try using keyword 'BuiltIn.Log' and forgot to use enough whitespace between keyword and arguments?</status>
</test>
<status status="FAIL" start="2025-01-27T19:52:07.538234" elapsed="0.256933"/>
</suite>
<statistics>
<total>
<stat pass="0" fail="2" skip="0">All Tests</stat>
</total>
<tag>
</tag>
<suite>
<stat name="Jamtangan" id="s1" pass="0" fail="2" skip="0">Jamtangan</stat>
</suite>
</statistics>
<errors>
</errors>
</robot>
